<?xml version="1.0" encoding="UTF-8"?>
<testng-results skipped="0" failed="0" ignored="0" total="1" passed="1">
  <reporter-output>
  </reporter-output>
  <suite name="Default suite" duration-ms="25744" started-at="2018-07-24T06:54:41Z" finished-at="2018-07-24T06:55:07Z">
    <groups>
    </groups>
    <test name="Default test" duration-ms="25744" started-at="2018-07-24T06:54:41Z" finished-at="2018-07-24T06:55:07Z">
      <class name="com.w3schools.testcases.FindATableRow">
        <test-method status="PASS" signature="beforeTest()[pri:0, instance:com.w3schools.testcases.FindATableRow@55f3ddb1]" name="beforeTest" is-config="true" duration-ms="23514" started-at="2018-07-24T06:54:41Z" finished-at="2018-07-24T06:55:04Z">
          <reporter-output>
          </reporter-output>
        </test-method> <!-- beforeTest -->
        <test-method status="PASS" signature="VerifyTableValues()[pri:0, instance:com.w3schools.testcases.FindATableRow@55f3ddb1]" name="VerifyTableValues" duration-ms="1523" started-at="2018-07-24T06:55:04Z" finished-at="2018-07-24T06:55:06Z">
          <reporter-output>
          </reporter-output>
        </test-method> <!-- VerifyTableValues -->
        <test-method status="PASS" signature="afterTest()[pri:0, instance:com.w3schools.testcases.FindATableRow@55f3ddb1]" name="afterTest" is-config="true" duration-ms="671" started-at="2018-07-24T06:55:06Z" finished-at="2018-07-24T06:55:07Z">
          <reporter-output>
          </reporter-output>
        </test-method> <!-- afterTest -->
      </class> <!-- com.w3schools.testcases.FindATableRow -->
    </test> <!-- Default test -->
  </suite> <!-- Default suite -->
</testng-results>
