<?xml version="1.0" encoding="UTF-8"?>
<testng-results skipped="0" failed="0" ignored="0" total="1" passed="1">
  <reporter-output>
  </reporter-output>
  <suite name="Default suite" duration-ms="22896" started-at="2018-08-02T01:57:58Z" finished-at="2018-08-02T01:58:21Z">
    <groups>
    </groups>
    <test name="Default test" duration-ms="22896" started-at="2018-08-02T01:57:58Z" finished-at="2018-08-02T01:58:21Z">
      <class name="com.w3schools.testcases.FindATableRow">
        <test-method status="PASS" signature="beforeTest()[pri:0, instance:com.w3schools.testcases.FindATableRow@55f3ddb1]" name="beforeTest" is-config="true" duration-ms="20937" started-at="2018-08-02T01:57:58Z" finished-at="2018-08-02T01:58:19Z">
          <reporter-output>
          </reporter-output>
        </test-method> <!-- beforeTest -->
        <test-method status="PASS" signature="VerifyTableValues()[pri:0, instance:com.w3schools.testcases.FindATableRow@55f3ddb1]" name="VerifyTableValues" duration-ms="1142" started-at="2018-08-02T01:58:19Z" finished-at="2018-08-02T01:58:20Z">
          <reporter-output>
          </reporter-output>
        </test-method> <!-- VerifyTableValues -->
        <test-method status="PASS" signature="afterTest()[pri:0, instance:com.w3schools.testcases.FindATableRow@55f3ddb1]" name="afterTest" is-config="true" duration-ms="769" started-at="2018-08-02T01:58:20Z" finished-at="2018-08-02T01:58:21Z">
          <reporter-output>
          </reporter-output>
        </test-method> <!-- afterTest -->
      </class> <!-- com.w3schools.testcases.FindATableRow -->
    </test> <!-- Default test -->
  </suite> <!-- Default suite -->
</testng-results>
