<?xml version="1.0" encoding="UTF-8"?>
<testng-results skipped="0" failed="0" ignored="0" total="1" passed="1">
  <reporter-output>
  </reporter-output>
  <suite name="Default suite" duration-ms="16659" started-at="2018-08-02T01:54:40Z" finished-at="2018-08-02T01:54:57Z">
    <groups>
    </groups>
    <test name="Default test" duration-ms="16659" started-at="2018-08-02T01:54:40Z" finished-at="2018-08-02T01:54:57Z">
      <class name="com.dominos.testcases.FindPizzas">
        <test-method status="PASS" signature="beforeTest()[pri:0, instance:com.dominos.testcases.FindPizzas@26be92ad]" name="beforeTest" is-config="true" duration-ms="11852" started-at="2018-08-02T01:54:40Z" finished-at="2018-08-02T01:54:52Z">
          <reporter-output>
          </reporter-output>
        </test-method> <!-- beforeTest -->
        <test-method status="PASS" signature="findPizzas()[pri:0, instance:com.dominos.testcases.FindPizzas@26be92ad]" name="findPizzas" duration-ms="4309" started-at="2018-08-02T01:54:52Z" finished-at="2018-08-02T01:54:56Z">
          <reporter-output>
          </reporter-output>
        </test-method> <!-- findPizzas -->
        <test-method status="PASS" signature="afterTest()[pri:0, instance:com.dominos.testcases.FindPizzas@26be92ad]" name="afterTest" is-config="true" duration-ms="471" started-at="2018-08-02T01:54:56Z" finished-at="2018-08-02T01:54:57Z">
          <reporter-output>
          </reporter-output>
        </test-method> <!-- afterTest -->
      </class> <!-- com.dominos.testcases.FindPizzas -->
    </test> <!-- Default test -->
  </suite> <!-- Default suite -->
</testng-results>
